<?xml version="1.0" encoding="UTF-8" ?>
<testsuites>
  <testsuite errors="0" failures="0" hostname="DESKTOP-CLFGV0E" id="0" name="Test" package="" skipped="0" tests="2" time="0.044" timestamp="2020-11-26T03:28:24">
      <properties>
[...]
</properties>

      <testcase classname="Test" name="testYearDays" time="0.005" />

      <testcase classname="Test" name="testIsLeapYear" time="0.0" />

      <system-out><![CDATA[]]></system-out>

      <system-err><![CDATA[]]></system-err>

  </testsuite>
</testsuites>
